2020-07-23 15:29:08.270  INFO 68781 --- [main] W.Project1.Package.Project1Application   : Starting Project1Application on Arpan with PID 68781 (/Users/arjunsingh/Documents/Projects/Project1/target/classes started by arjunsingh in /Users/arjunsingh/Documents/Projects/Project1)
2020-07-23 15:29:08.274  INFO 68781 --- [main] W.Project1.Package.Project1Application   : No active profile set, falling back to default profiles: default
2020-07-23 15:29:10.179  INFO 68781 --- [main] .s.d.r.c.RepositoryConfigurationDelegate : Multiple Spring Data modules found, entering strict repository configuration mode!
2020-07-23 15:29:10.181  INFO 68781 --- [main] .s.d.r.c.RepositoryConfigurationDelegate : Bootstrapping Spring Data JPA repositories in DEFERRED mode.
2020-07-23 15:29:10.335  INFO 68781 --- [main] .s.d.r.c.RepositoryConfigurationDelegate : Finished Spring Data repository scanning in 102ms. Found 3 JPA repository interfaces.
2020-07-23 15:29:10.376  INFO 68781 --- [main] .s.d.r.c.RepositoryConfigurationDelegate : Multiple Spring Data modules found, entering strict repository configuration mode!
2020-07-23 15:29:10.377  INFO 68781 --- [main] .s.d.r.c.RepositoryConfigurationDelegate : Bootstrapping Spring Data Redis repositories in DEFAULT mode.
2020-07-23 15:29:10.405  INFO 68781 --- [main] .RepositoryConfigurationExtensionSupport : Spring Data Redis - Could not safely identify store assignment for repository candidate interface Work1.Project1.Package.repository.CompanyRepository. If you want this repository to be a Redis repository, consider annotating your entities with one of these annotations: org.springframework.data.redis.core.RedisHash (preferred), or consider extending one of the following types with your repository: org.springframework.data.keyvalue.repository.KeyValueRepository.
2020-07-23 15:29:10.412  INFO 68781 --- [main] .RepositoryConfigurationExtensionSupport : Spring Data Redis - Could not safely identify store assignment for repository candidate interface Work1.Project1.Package.repository.DepartmentRepository. If you want this repository to be a Redis repository, consider annotating your entities with one of these annotations: org.springframework.data.redis.core.RedisHash (preferred), or consider extending one of the following types with your repository: org.springframework.data.keyvalue.repository.KeyValueRepository.
2020-07-23 15:29:10.413  INFO 68781 --- [main] .RepositoryConfigurationExtensionSupport : Spring Data Redis - Could not safely identify store assignment for repository candidate interface Work1.Project1.Package.repository.EmployeeRepository. If you want this repository to be a Redis repository, consider annotating your entities with one of these annotations: org.springframework.data.redis.core.RedisHash (preferred), or consider extending one of the following types with your repository: org.springframework.data.keyvalue.repository.KeyValueRepository.
2020-07-23 15:29:10.414  INFO 68781 --- [main] .s.d.r.c.RepositoryConfigurationDelegate : Finished Spring Data repository scanning in 23ms. Found 0 Redis repository interfaces.
2020-07-23 15:29:12.346  INFO 68781 --- [main] o.s.b.w.embedded.tomcat.TomcatWebServer  : Tomcat initialized with port(s): 8080 (http)
2020-07-23 15:29:12.370  INFO 68781 --- [main] o.apache.catalina.core.StandardService   : Starting service [Tomcat]
2020-07-23 15:29:12.370  INFO 68781 --- [main] org.apache.catalina.core.StandardEngine  : Starting Servlet engine: [Apache Tomcat/9.0.36]
2020-07-23 15:29:12.644  INFO 68781 --- [main] o.a.c.c.C.[Tomcat].[localhost].[/]       : Initializing Spring embedded WebApplicationContext
2020-07-23 15:29:12.644  INFO 68781 --- [main] w.s.c.ServletWebServerApplicationContext : Root WebApplicationContext: initialization completed in 4135 ms
2020-07-23 15:29:13.357  INFO 68781 --- [main] o.s.s.concurrent.ThreadPoolTaskExecutor  : Initializing ExecutorService 'applicationTaskExecutor'
2020-07-23 15:29:13.387  INFO 68781 --- [main] com.zaxxer.hikari.HikariDataSource       : HikariPool-1 - Starting...
2020-07-23 15:29:13.648  INFO 68781 --- [main] com.zaxxer.hikari.HikariDataSource       : HikariPool-1 - Start completed.
2020-07-23 15:29:13.736  INFO 68781 --- [task-1] o.hibernate.jpa.internal.util.LogHelper  : HHH000204: Processing PersistenceUnitInfo [name: default]
2020-07-23 15:29:13.863  INFO 68781 --- [task-1] org.hibernate.Version                    : HHH000412: Hibernate ORM core version 5.4.17.Final
2020-07-23 15:29:14.169  WARN 68781 --- [main] JpaBaseConfiguration$JpaWebConfiguration : spring.jpa.open-in-view is enabled by default. Therefore, database queries may be performed during view rendering. Explicitly configure spring.jpa.open-in-view to disable this warning
2020-07-23 15:29:14.198  INFO 68781 --- [task-1] o.hibernate.annotations.common.Version   : HCANN000001: Hibernate Commons Annotations {5.1.0.Final}
2020-07-23 15:29:14.602  INFO 68781 --- [task-1] org.hibernate.dialect.Dialect            : HHH000400: Using dialect: org.hibernate.dialect.PostgreSQL10Dialect
2020-07-23 15:29:15.934  INFO 68781 --- [main] o.s.b.w.embedded.tomcat.TomcatWebServer  : Tomcat started on port(s): 8080 (http) with context path ''
2020-07-23 15:29:15.936  INFO 68781 --- [main] DeferredRepositoryInitializationListener : Triggering deferred initialization of Spring Data repositories…
2020-07-23 15:29:16.254  INFO 68781 --- [task-1] o.h.e.t.j.p.i.JtaPlatformInitiator       : HHH000490: Using JtaPlatform implementation: [org.hibernate.engine.transaction.jta.platform.internal.NoJtaPlatform]
2020-07-23 15:29:16.268  INFO 68781 --- [task-1] j.LocalContainerEntityManagerFactoryBean : Initialized JPA EntityManagerFactory for persistence unit 'default'
2020-07-23 15:29:17.010  INFO 68781 --- [main] DeferredRepositoryInitializationListener : Spring Data repositories initialized!
2020-07-23 15:29:17.028  INFO 68781 --- [main] W.Project1.Package.Project1Application   : Started Project1Application in 10.384 seconds (JVM running for 11.395)
2020-07-23 15:32:35.529  INFO 68781 --- [SpringContextShutdownHook] j.LocalContainerEntityManagerFactoryBean : Closing JPA EntityManagerFactory for persistence unit 'default'
2020-07-23 15:32:35.537  INFO 68781 --- [SpringContextShutdownHook] o.s.s.concurrent.ThreadPoolTaskExecutor  : Shutting down ExecutorService 'applicationTaskExecutor'
2020-07-23 15:32:35.538  INFO 68781 --- [SpringContextShutdownHook] com.zaxxer.hikari.HikariDataSource       : HikariPool-1 - Shutdown initiated...
2020-07-23 15:32:35.554  INFO 68781 --- [SpringContextShutdownHook] com.zaxxer.hikari.HikariDataSource       : HikariPool-1 - Shutdown completed.
